\BOOKMARK [1][-]{section.0.1}{Topologischer Raum}{}
\BOOKMARK [1][-]{section.0.2}{Metrischer Raum}{}
\BOOKMARK [1][-]{section.0.3}{Stetigkeit}{}
\BOOKMARK [1][-]{section.0.4}{Homotopie}{}
\BOOKMARK [1][-]{section.0.5}{Homotope Abbildungen}{}
\BOOKMARK [1][-]{section.0.6}{Nullhomotopie}{}
\BOOKMARK [1][-]{section.0.7}{Teilraumtopologie}{}
\BOOKMARK [1][-]{section.0.8}{Abgeschlossenheit}{}
\BOOKMARK [1][-]{section.0.9}{Umgebung}{}
\BOOKMARK [1][-]{section.0.10}{Basis}{}
\BOOKMARK [1][-]{section.0.11}{Feiner und gr\366ber}{}
\BOOKMARK [1][-]{section.0.12}{-Ball, Sph\344re}{}
\BOOKMARK [1][-]{section.0.13}{Metrischer Unterraum}{}
\BOOKMARK [1][-]{section.0.14}{Beschr\344nktheit, Durchmesser}{}
\BOOKMARK [1][-]{section.0.15}{Abstand}{}
\BOOKMARK [1][-]{section.0.16}{Innerer Punkt, \344u\337erer Punkt, Randpunkt}{}
\BOOKMARK [1][-]{section.0.17}{Inneres}{}
\BOOKMARK [1][-]{section.0.18}{Abschluss}{}
\BOOKMARK [1][-]{section.0.19}{Rand}{}
\BOOKMARK [1][-]{section.0.20}{Stetigkeit}{}
\BOOKMARK [1][-]{section.0.21}{Stetigkeit}{}
\BOOKMARK [1][-]{section.0.22}{Isometrische Einbettung, Isometrie}{}
\BOOKMARK [1][-]{section.0.23}{Hom\366omorphismus}{}
\BOOKMARK [1][-]{section.0.24}{hom\366omorph}{}
\BOOKMARK [1][-]{section.0.25}{Einbettung}{}
\BOOKMARK [1][-]{section.0.26}{\304quivalenz von Einbettungen}{}
\BOOKMARK [1][-]{section.0.27}{Knoten}{}
\BOOKMARK [1][-]{section.0.28}{zusammenh\344ngend}{}
\BOOKMARK [1][-]{section.0.29}{\334berdeckung}{}
\BOOKMARK [1][-]{section.0.30}{Partition}{}
\BOOKMARK [1][-]{section.0.31}{Zusammenhangskomponente}{}
\BOOKMARK [1][-]{section.0.32}{Weg, Anfangspunkt, Endpunkt}{}
\BOOKMARK [1][-]{section.0.33}{Wegzusammenhang}{}
\BOOKMARK [1][-]{section.0.34}{Kompaktheit}{}
\BOOKMARK [1][-]{section.0.35}{T1-Raum}{}
\BOOKMARK [1][-]{section.0.36}{T2-Raum}{}
\BOOKMARK [1][-]{section.0.37}{Grenzwert}{}
\BOOKMARK [1][-]{section.0.38}{Umgebungsbasis}{}
\BOOKMARK [1][-]{section.0.39}{Abz\344hlbarkeitsaxiome, Separabilit\344t}{}
\BOOKMARK [1][-]{section.0.40}{Lokale Kompaktheit}{}
\BOOKMARK [1][-]{section.0.41}{Lokale Endlichkeit}{}
\BOOKMARK [1][-]{section.0.42}{Verfeinerung}{}
\BOOKMARK [1][-]{section.0.43}{Parakompaktheit}{}
\BOOKMARK [1][-]{section.0.44}{Mannigfaltigkeit, Karte}{}
\BOOKMARK [1][-]{section.0.45}{Atlas}{}
\BOOKMARK [1][-]{section.0.46}{Ck-Atlas, Kartenwechsel}{}
\BOOKMARK [1][-]{section.0.47}{Vertr\344glichkeit, differenzierbare Struktur}{}
\BOOKMARK [1][-]{section.0.48}{Ck-Mannigfaltigkeit, glatt}{}
\BOOKMARK [1][-]{section.0.49}{Produkt-Topologie}{}
\BOOKMARK [1][-]{section.0.50}{Cl-Abbildung}{}
\BOOKMARK [1][-]{section.0.51}{Untermannigfaltigkeit}{}
\BOOKMARK [1][-]{section.0.52}{Quotienten\(raum\)topologie}{}
\BOOKMARK [1][-]{section.0.53}{Quotientenabbildung}{}
\BOOKMARK [1][-]{section.0.54}{injektiver Quotient}{}
