This is pdfeTeX, Version 3.141592-1.20a-2.2 (MiKTeX 2.4) (preloaded format=latex 2011.10.30)  9 NOV 2011 08:38
entering extended mode
**mitschrieb_geotopo.tex
(mitschrieb_geotopo.tex
LaTeX2e <2003/12/01>
Babel <v3.8a> and hyphenation patterns for english, german, ngerman, dumylang, 
nohyphenation, loaded.
(C:\texmf\tex\latex\base\report.cls
Document Class: report 2004/02/16 v1.4f Standard LaTeX document class
(C:\texmf\tex\latex\base\size11.clo
File: size11.clo 2004/02/16 v1.4f Standard LaTeX file (size option)
)
\c@part=\count79
\c@chapter=\count80
\c@section=\count81
\c@subsection=\count82
\c@subsubsection=\count83
\c@paragraph=\count84
\c@subparagraph=\count85
\c@figure=\count86
\c@table=\count87
\abovecaptionskip=\skip41
\belowcaptionskip=\skip42
\bibindent=\dimen102
) (C:\texmf\tex\latex\graphics\graphicx.sty
Package: graphicx 1999/02/16 v1.0f Enhanced LaTeX Graphics (DPC,SPQR)
(C:\texmf\tex\latex\graphics\keyval.sty
Package: keyval 1999/03/16 v1.13 key=value parser (DPC)
\KV@toks@=\toks14
)
(C:\texmf\tex\latex\graphics\graphics.sty
Package: graphics 2001/07/07 v1.0n Standard LaTeX Graphics (DPC,SPQR)
 (C:\texmf\tex\latex\graphics\trig.sty
Package: trig 1999/03/16 v1.09 sin cos tan (DPC)
) (C:\texmf\tex\latex\00miktex\graphics.cfg
File: graphics.cfg 2003/03/12 v1.1 MiKTeX 'graphics' configuration
)
Package graphics Info: Driver file: pdftex.def on input line 80.

(C:\texmf\tex\latex\graphics\pdftex.def
File: pdftex.def 2002/06/19 v0.03k graphics/color for pdftex
\Gread@gobject=\count88
))
\Gin@req@height=\dimen103
\Gin@req@width=\dimen104
)
(C:\texmf\tex\latex\base\inputenc.sty
Package: inputenc 2004/02/05 v1.0d Input encoding file
 (C:\texmf\tex\latex\base\utf8.def
File: utf8.def 2004/02/09 v1.1b UTF-8 support for inputenc
Now handling font encoding OML ...
... no UTF-8 mapping file for font encoding OML
Now handling font encoding T1 ...
... processing UTF-8 mapping file for font encoding T1

(C:\texmf\tex\latex\base\t1enc.dfu
File: t1enc.dfu 2004/02/09 v1.1b UTF-8 support for inputenc
   defining Unicode char U+00A1 (decimal 161)
   defining Unicode char U+00A3 (decimal 163)
   defining Unicode char U+00AB (decimal 171)
   defining Unicode char U+00BB (decimal 187)
   defining Unicode char U+00BF (decimal 191)
   defining Unicode char U+00C0 (decimal 192)
   defining Unicode char U+00C1 (decimal 193)
   defining Unicode char U+00C2 (decimal 194)
   defining Unicode char U+00C3 (decimal 195)
   defining Unicode char U+00C4 (decimal 196)
   defining Unicode char U+00C5 (decimal 197)
   defining Unicode char U+00C6 (decimal 198)
   defining Unicode char U+00C7 (decimal 199)
   defining Unicode char U+00C8 (decimal 200)
   defining Unicode char U+00C9 (decimal 201)
   defining Unicode char U+00CA (decimal 202)
   defining Unicode char U+00CB (decimal 203)
   defining Unicode char U+00CC (decimal 204)
   defining Unicode char U+00CD (decimal 205)
   defining Unicode char U+00CE (decimal 206)
   defining Unicode char U+00CF (decimal 207)
   defining Unicode char U+00D0 (decimal 208)
   defining Unicode char U+00D1 (decimal 209)
   defining Unicode char U+00D2 (decimal 210)
   defining Unicode char U+00D3 (decimal 211)
   defining Unicode char U+00D4 (decimal 212)
   defining Unicode char U+00D5 (decimal 213)
   defining Unicode char U+00D6 (decimal 214)
   defining Unicode char U+00D8 (decimal 216)
   defining Unicode char U+00D9 (decimal 217)
   defining Unicode char U+00DA (decimal 218)
   defining Unicode char U+00DB (decimal 219)
   defining Unicode char U+00DC (decimal 220)
   defining Unicode char U+00DD (decimal 221)
   defining Unicode char U+00DE (decimal 222)
   defining Unicode char U+00DF (decimal 223)
   defining Unicode char U+00E0 (decimal 224)
   defining Unicode char U+00E1 (decimal 225)
   defining Unicode char U+00E2 (decimal 226)
   defining Unicode char U+00E3 (decimal 227)
   defining Unicode char U+00E4 (decimal 228)
   defining Unicode char U+00E5 (decimal 229)
   defining Unicode char U+00E6 (decimal 230)
   defining Unicode char U+00E7 (decimal 231)
   defining Unicode char U+00E8 (decimal 232)
   defining Unicode char U+00E9 (decimal 233)
   defining Unicode char U+00EA (decimal 234)
   defining Unicode char U+00EB (decimal 235)
   defining Unicode char U+00EC (decimal 236)
   defining Unicode char U+00ED (decimal 237)
   defining Unicode char U+00EE (decimal 238)
   defining Unicode char U+00EF (decimal 239)
   defining Unicode char U+00F0 (decimal 240)
   defining Unicode char U+00F1 (decimal 241)
   defining Unicode char U+00F2 (decimal 242)
   defining Unicode char U+00F3 (decimal 243)
   defining Unicode char U+00F4 (decimal 244)
   defining Unicode char U+00F5 (decimal 245)
   defining Unicode char U+00F6 (decimal 246)
   defining Unicode char U+00F8 (decimal 248)
   defining Unicode char U+00F9 (decimal 249)
   defining Unicode char U+00FA (decimal 250)
   defining Unicode char U+00FB (decimal 251)
   defining Unicode char U+00FC (decimal 252)
   defining Unicode char U+00FD (decimal 253)
   defining Unicode char U+00FE (decimal 254)
   defining Unicode char U+00FF (decimal 255)
   defining Unicode char U+0102 (decimal 258)
   defining Unicode char U+0103 (decimal 259)
   defining Unicode char U+0104 (decimal 260)
   defining Unicode char U+0105 (decimal 261)
   defining Unicode char U+0106 (decimal 262)
   defining Unicode char U+0107 (decimal 263)
   defining Unicode char U+010C (decimal 268)
   defining Unicode char U+010D (decimal 269)
   defining Unicode char U+010E (decimal 270)
   defining Unicode char U+010F (decimal 271)
   defining Unicode char U+0110 (decimal 272)
   defining Unicode char U+0111 (decimal 273)
   defining Unicode char U+0118 (decimal 280)
   defining Unicode char U+0119 (decimal 281)
   defining Unicode char U+011A (decimal 282)
   defining Unicode char U+011B (decimal 283)
   defining Unicode char U+011E (decimal 286)
   defining Unicode char U+011F (decimal 287)
   defining Unicode char U+0130 (decimal 304)
   defining Unicode char U+0131 (decimal 305)
   defining Unicode char U+0139 (decimal 313)
   defining Unicode char U+013A (decimal 314)
   defining Unicode char U+013D (decimal 317)
   defining Unicode char U+013E (decimal 318)
   defining Unicode char U+0141 (decimal 321)
   defining Unicode char U+0142 (decimal 322)
   defining Unicode char U+0143 (decimal 323)
   defining Unicode char U+0144 (decimal 324)
   defining Unicode char U+0147 (decimal 327)
   defining Unicode char U+0148 (decimal 328)
   defining Unicode char U+014A (decimal 330)
   defining Unicode char U+014B (decimal 331)
   defining Unicode char U+0150 (decimal 336)
   defining Unicode char U+0151 (decimal 337)
   defining Unicode char U+0152 (decimal 338)
   defining Unicode char U+0153 (decimal 339)
   defining Unicode char U+0154 (decimal 340)
   defining Unicode char U+0155 (decimal 341)
   defining Unicode char U+0158 (decimal 344)
   defining Unicode char U+0159 (decimal 345)
   defining Unicode char U+015A (decimal 346)
   defining Unicode char U+015B (decimal 347)
   defining Unicode char U+015E (decimal 350)
   defining Unicode char U+015F (decimal 351)
   defining Unicode char U+0160 (decimal 352)
   defining Unicode char U+0161 (decimal 353)
   defining Unicode char U+0162 (decimal 354)
   defining Unicode char U+0163 (decimal 355)
   defining Unicode char U+0164 (decimal 356)
   defining Unicode char U+0165 (decimal 357)
   defining Unicode char U+016E (decimal 366)
   defining Unicode char U+016F (decimal 367)
   defining Unicode char U+0170 (decimal 368)
   defining Unicode char U+0171 (decimal 369)
   defining Unicode char U+0178 (decimal 376)
   defining Unicode char U+0179 (decimal 377)
   defining Unicode char U+017A (decimal 378)
   defining Unicode char U+017B (decimal 379)
   defining Unicode char U+017C (decimal 380)
   defining Unicode char U+017D (decimal 381)
   defining Unicode char U+017E (decimal 382)
   defining Unicode char U+200C (decimal 8204)
   defining Unicode char U+2013 (decimal 8211)
   defining Unicode char U+2014 (decimal 8212)
   defining Unicode char U+2018 (decimal 8216)
   defining Unicode char U+2019 (decimal 8217)
   defining Unicode char U+201A (decimal 8218)
   defining Unicode char U+201C (decimal 8220)
   defining Unicode char U+201D (decimal 8221)
   defining Unicode char U+201E (decimal 8222)
   defining Unicode char U+2030 (decimal 8240)
   defining Unicode char U+2031 (decimal 8241)
   defining Unicode char U+2039 (decimal 8249)
   defining Unicode char U+203A (decimal 8250)
   defining Unicode char U+2423 (decimal 9251)
)
Now handling font encoding OT1 ...
... processing UTF-8 mapping file for font encoding OT1
 (C:\texmf\tex\latex\base\ot1enc.dfu
File: ot1enc.dfu 2004/02/09 v1.1b UTF-8 support for inputenc
   defining Unicode char U+00A1 (decimal 161)
   defining Unicode char U+00A3 (decimal 163)
   defining Unicode char U+00B8 (decimal 184)
   defining Unicode char U+00BF (decimal 191)
   defining Unicode char U+00C5 (decimal 197)
   defining Unicode char U+00C6 (decimal 198)
   defining Unicode char U+00D8 (decimal 216)
   defining Unicode char U+00DF (decimal 223)
   defining Unicode char U+00E6 (decimal 230)
   defining Unicode char U+00EC (decimal 236)
   defining Unicode char U+00ED (decimal 237)
   defining Unicode char U+00EE (decimal 238)
   defining Unicode char U+00EF (decimal 239)
   defining Unicode char U+00F8 (decimal 248)
   defining Unicode char U+0131 (decimal 305)
   defining Unicode char U+0141 (decimal 321)
   defining Unicode char U+0142 (decimal 322)
   defining Unicode char U+0152 (decimal 338)
   defining Unicode char U+0153 (decimal 339)
   defining Unicode char U+2013 (decimal 8211)
   defining Unicode char U+2014 (decimal 8212)
   defining Unicode char U+2018 (decimal 8216)
   defining Unicode char U+2019 (decimal 8217)
   defining Unicode char U+201C (decimal 8220)
   defining Unicode char U+201D (decimal 8221)
)
Now handling font encoding OMS ...
... processing UTF-8 mapping file for font encoding OMS

(C:\texmf\tex\latex\base\omsenc.dfu
File: omsenc.dfu 2004/02/09 v1.1b UTF-8 support for inputenc
   defining Unicode char U+00A7 (decimal 167)
   defining Unicode char U+00B6 (decimal 182)
   defining Unicode char U+02D9 (decimal 729)
   defining Unicode char U+2020 (decimal 8224)
   defining Unicode char U+2021 (decimal 8225)
   defining Unicode char U+2022 (decimal 8226)
)
Now handling font encoding OMX ...
... no UTF-8 mapping file for font encoding OMX
Now handling font encoding U ...
... no UTF-8 mapping file for font encoding U
   defining Unicode char U+00A9 (decimal 169)
   defining Unicode char U+00AA (decimal 170)
   defining Unicode char U+00AE (decimal 174)
   defining Unicode char U+00BA (decimal 186)
   defining Unicode char U+02C6 (decimal 710)
   defining Unicode char U+02CA (decimal 714)
   defining Unicode char U+200C (decimal 8204)
   defining Unicode char U+2026 (decimal 8230)
   defining Unicode char U+2122 (decimal 8482)
   defining Unicode char U+2423 (decimal 9251)
)) (C:\texmf\tex\latex\base\fontenc.sty
Package: fontenc 2004/02/22 v1.99f Standard LaTeX package

(C:\texmf\tex\latex\base\t1enc.def
File: t1enc.def 2004/02/22 v1.99f Standard LaTeX file
LaTeX Font Info:    Redeclaring font encoding T1 on input line 43.
)) (C:\texmf\tex\generic\babel\babel.sty
Package: babel 2004/02/19 v3.8a The Babel package

(C:\texmf\tex\generic\babel\ngermanb.ldf
Language: ngermanb 2004/02/20 v2.6m new German support from the babel system
 (C:\texmf\tex\generic\babel\babel.def
File: babel.def 2004/02/19 v3.8a Babel common definitions
\babel@savecnt=\count89
\U@D=\dimen105
)
\l@naustrian = a dialect from \language\l@ngerman 
Package babel Info: Making " an active character on input line 92.
)) (C:\texmf\tex\latex\germbib\bibgerm.sty
Package: bibgerm 2000/08/18 v0.1 Support for mixed language bibliographies

** Macros for german `BibTeX'ing added to Style Option `german' 20 Apr 1993 **
** idea and languages `german' and `USenglish' implemented by M. Wallmeier **
** Modified for LaTeX 2e and german.sty 2.5b by A. Scherer 1 Nov 1995 **
** Modified for ngerman.sty and babel.sty by H. Harders 21 August 2000 **)
(C:\texmf\tex\latex\amsmath\amsmath.sty
Package: amsmath 2000/07/18 v2.13 AMS math features
\@mathmargin=\skip43

For additional information on amsmath, use the `?' option.
(C:\texmf\tex\latex\amsmath\amstext.sty
Package: amstext 2000/06/29 v2.01
 (C:\texmf\tex\latex\amsmath\amsgen.sty
File: amsgen.sty 1999/11/30 v2.0
\@emptytoks=\toks15
\ex@=\dimen106
)) (C:\texmf\tex\latex\amsmath\amsbsy.sty
Package: amsbsy 1999/11/29 v1.2d
\pmbraise@=\dimen107
)
(C:\texmf\tex\latex\amsmath\amsopn.sty
Package: amsopn 1999/12/14 v2.01 operator names
)
\inf@bad=\count90
LaTeX Info: Redefining \frac on input line 211.
\uproot@=\count91
\leftroot@=\count92
LaTeX Info: Redefining \overline on input line 307.
\classnum@=\count93
\DOTSCASE@=\count94
LaTeX Info: Redefining \ldots on input line 379.
LaTeX Info: Redefining \dots on input line 382.
LaTeX Info: Redefining \cdots on input line 467.
\Mathstrutbox@=\box26
\strutbox@=\box27
\big@size=\dimen108
LaTeX Font Info:    Redeclaring font encoding OML on input line 567.
LaTeX Font Info:    Redeclaring font encoding OMS on input line 568.
\macc@depth=\count95
\c@MaxMatrixCols=\count96
\dotsspace@=\muskip10
\c@parentequation=\count97
\dspbrk@lvl=\count98
\tag@help=\toks16
\row@=\count99
\column@=\count100
\maxfields@=\count101
\andhelp@=\toks17
\eqnshift@=\dimen109
\alignsep@=\dimen110
\tagshift@=\dimen111
\tagwidth@=\dimen112
\totwidth@=\dimen113
\lineht@=\dimen114
\@envbody=\toks18
\multlinegap=\skip44
\multlinetaggap=\skip45
\mathdisplay@stack=\toks19
LaTeX Info: Redefining \[ on input line 2666.
LaTeX Info: Redefining \] on input line 2667.
)
(C:\texmf\tex\latex\amsfonts\amssymb.sty
Package: amssymb 2002/01/22 v2.2d

(C:\texmf\tex\latex\amsfonts\amsfonts.sty
Package: amsfonts 2001/10/25 v2.2f
\symAMSa=\mathgroup4
\symAMSb=\mathgroup5
LaTeX Font Info:    Overwriting math alphabet `\mathfrak' in version `bold'
(Font)                  U/euf/m/n --> U/euf/b/n on input line 132.
))
(C:\texmf\tex\latex\amscls\amsthm.sty
Package: amsthm 2004/08/06 v2.20
\thm@style=\toks20
\thm@bodyfont=\toks21
\thm@headfont=\toks22
\thm@notefont=\toks23
\thm@headpunct=\toks24
\thm@preskip=\skip46
\thm@postskip=\skip47
\thm@headsep=\skip48
\dth@everypar=\toks25
) (C:\texmf\tex\latex\graphics\color.sty
Package: color 1999/02/16 v1.0i Standard LaTeX Color (DPC)

(C:\texmf\tex\latex\00miktex\color.cfg
File: color.cfg 2003/03/08 v1.0 MiKTeX 'color' configuration
)
Package color Info: Driver file: pdftex.def on input line 125.
)
(C:\texmf\tex\latex\tools\enumerate.sty
Package: enumerate 1999/03/05 v3.00 enumerate extensions (DPC)
\@enLab=\toks26
) (C:\texmf\tex\latex\tools\tabularx.sty
Package: tabularx 1999/01/07 v2.07 `tabularx' package (DPC)
(C:\texmf\tex\latex\tools\array.sty
Package: array 2003/12/17 v2.4a Tabular extension package (FMi)
\col@sep=\dimen115
\extrarowheight=\dimen116
\NC@list=\toks27
\extratabsurround=\skip49
\backup@length=\skip50
)
\TX@col@width=\dimen117
\TX@old@table=\dimen118
\TX@old@col=\dimen119
\TX@target=\dimen120
\TX@delta=\dimen121
\TX@cols=\count102
\TX@ftn=\toks28
) (C:\texmf\tex\latex\subfig\subfig.sty
Package: subfig 2004/01/28 ver: 1.2 subfig package

(C:\texmf\tex\latex\caption\caption.sty
Package: caption 2004/07/16 v3.0c Customising captions (AS)
\captionmargin=\dimen122
\captionwidth=\dimen123
\captionindent=\dimen124
\captionparindent=\dimen125
\captionhangindent=\dimen126
)
\c@KVtest=\count103
\sf@farskip=\skip51
\sf@captopadj=\dimen127
\sf@capskip=\skip52
\sf@nearskip=\skip53
\c@subfigure=\count104
\c@subfigure@save=\count105
\c@lofdepth=\count106
\c@subtable=\count107
\c@subtable@save=\count108
\c@lotdepth=\count109
\sf@top=\skip54
\sf@bottom=\skip55
)
(C:\texmf\tex\latex\fancyhdr\fancyhdr.sty
\fancy@headwidth=\skip56
\f@ncyO@elh=\skip57
\f@ncyO@erh=\skip58
\f@ncyO@olh=\skip59
\f@ncyO@orh=\skip60
\f@ncyO@elf=\skip61
\f@ncyO@erf=\skip62
\f@ncyO@olf=\skip63
\f@ncyO@orf=\skip64
) (C:\texmf\tex\latex\was\upgreek.sty
Package: upgreek 2003/02/12 v2.0 (WaS)
Package upgreek Info: Using Euler Roman for upright Greek on input line 31.
\symugrf@m=\mathgroup6
LaTeX Font Info:    Overwriting symbol font `ugrf@m' in version `bold'
(Font)                  U/eur/m/n --> U/eur/b/n on input line 38.
) (C:\texmf\tex\latex\hyperref\hyperref.sty
Package: hyperref 2003/11/30 v6.74m Hypertext links for LaTeX
\@linkdim=\dimen128
\Hy@linkcounter=\count110
\Hy@pagecounter=\count111

(C:\texmf\tex\latex\hyperref\pd1enc.def
File: pd1enc.def 2003/11/30 v6.74m Hyperref: PDFDocEncoding definition (HO)
Now handling font encoding PD1 ...
... no UTF-8 mapping file for font encoding PD1
)
(C:\texmf\tex\latex\00miktex\hyperref.cfg
File: hyperref.cfg 2003/03/08 v1.0 MiKTeX 'hyperref' configuration
)
Package hyperref Info: Option `pdfpagelabels' set `true' on input line 1830.
Package hyperref Info: Option `colorlinks' set `true' on input line 1830.
Package hyperref Info: Hyper figures OFF on input line 1880.
Package hyperref Info: Link nesting OFF on input line 1885.
Package hyperref Info: Hyper index ON on input line 1888.
Package hyperref Info: Plain pages ON on input line 1893.
Package hyperref Info: Backreferencing ON on input line 1898.

Implicit mode ON; LaTeX internals redefined
Package hyperref Info: Bookmarks ON on input line 2004.
(C:\texmf\tex\latex\hyperref\backref.sty
Package: backref 2003/03/20 v1.23 Bibliographical back referencing
) (C:\texmf\tex\latex\ltxmisc\url.sty
\Urlmuskip=\muskip11
Package: url 2004/03/15  ver 3.1  Verb mode for urls, etc.
)
LaTeX Info: Redefining \url on input line 2143.
\Fld@menulength=\count112
\Field@Width=\dimen129
\Fld@charsize=\dimen130
\Choice@toks=\toks29
\Field@toks=\toks30
Package hyperref Info: Hyper figures OFF on input line 2618.
Package hyperref Info: Link nesting OFF on input line 2623.
Package hyperref Info: Hyper index ON on input line 2626.
Package hyperref Info: backreferencing ON on input line 2631.
Package hyperref Info: Link coloring ON on input line 2636.
\Hy@abspage=\count113
\c@Item=\count114
)
*hyperref using driver hpdftex*
(C:\texmf\tex\latex\hyperref\hpdftex.def
File: hpdftex.def 2003/11/30 v6.74m Hyperref driver for pdfTeX
 (C:\texmf\tex\latex\psnfss\pifont.sty
Package: pifont 2004/09/15 PSNFSS-v9.2 Pi font support (SPQR) 
LaTeX Font Info:    Try loading font information for U+pzd on input line 63.

(C:\texmf\tex\latex\psnfss\upzd.fd
File: upzd.fd 2001/06/04 font definitions for U/pzd.
)
LaTeX Font Info:    Try loading font information for U+psy on input line 64.
 (C:\texmf\tex\latex\psnfss\upsy.fd
File: upsy.fd 2001/06/04 font definitions for U/psy.
))
\Fld@listcount=\count115
\@outlinefile=\write3
)
(C:\localtexfiles\tex\latex\pgf\frontendlayer\tikz.sty
(C:\localtexfiles\tex\latex\pgf\basiclayer\pgf.sty
(C:\localtexfiles\tex\latex\pgf\utilities\pgfrcs.sty
(C:\localtexfiles\tex\generic\pgf\utilities\pgfutil-common.tex
\pgfutil@everybye=\toks31
)
(C:\localtexfiles\tex\generic\pgf\utilities\pgfutil-latex.def
\pgfutil@abb=\box28

(C:\texmf\tex\latex\ms\everyshi.sty
Package: everyshi 2001/05/15 v3.00 EveryShipout Package (MS)
))
(C:\localtexfiles\tex\generic\pgf\utilities\pgfrcs.code.tex
Package: pgfrcs 2008/05/19 v2.00-cvs (rcs-revision 1.22)
))
Package: pgf 2008/01/15 v2.00-cvs (rcs-revision 1.12)

(C:\localtexfiles\tex\latex\pgf\basiclayer\pgfcore.sty
(C:\localtexfiles\tex\latex\pgf\systemlayer\pgfsys.sty
(C:\localtexfiles\tex\generic\pgf\systemlayer\pgfsys.code.tex
Package: pgfsys 2010/06/30 v2.00-cvs (rcs-revision 1.37)

(C:\localtexfiles\tex\generic\pgf\utilities\pgfkeys.code.tex
\pgfkeys@pathtoks=\toks32
\pgfkeys@temptoks=\toks33

(C:\localtexfiles\tex\generic\pgf\utilities\pgfkeysfiltered.code.tex
\pgfkeys@tmptoks=\toks34
))
\pgf@x=\dimen131
\pgf@y=\dimen132
\pgf@xa=\dimen133
\pgf@ya=\dimen134
\pgf@xb=\dimen135
\pgf@yb=\dimen136
\pgf@xc=\dimen137
\pgf@yc=\dimen138
\w@pgf@writea=\write4
\r@pgf@reada=\read1
\c@pgf@counta=\count116
\c@pgf@countb=\count117
\c@pgf@countc=\count118
\c@pgf@countd=\count119

(C:\localtexfiles\tex\generic\pgf\systemlayer\pgf.cfg
File: pgf.cfg 2008/05/14  (rcs-revision 1.7)
)
Package pgfsys Info: Driver file for pgf: pgfsys-pdftex.def on input line 900.

(C:\localtexfiles\tex\generic\pgf\systemlayer\pgfsys-pdftex.def
File: pgfsys-pdftex.def 2009/05/22  (rcs-revision 1.26)

(C:\localtexfiles\tex\generic\pgf\systemlayer\pgfsys-common-pdf.def
File: pgfsys-common-pdf.def 2008/05/19  (rcs-revision 1.10)
)))
(C:\localtexfiles\tex\generic\pgf\systemlayer\pgfsyssoftpath.code.tex
File: pgfsyssoftpath.code.tex 2008/07/18  (rcs-revision 1.7)
\pgfsyssoftpath@smallbuffer@items=\count120
\pgfsyssoftpath@bigbuffer@items=\count121
)
(C:\localtexfiles\tex\generic\pgf\systemlayer\pgfsysprotocol.code.tex
File: pgfsysprotocol.code.tex 2006/10/16  (rcs-revision 1.4)
))
(C:\texmf\tex\latex\xcolor\xcolor.sty
Package: xcolor 2004/07/04 v2.00 LaTeX color extensions (UK)
 (C:\texmf\tex\latex\00miktex\color.cfg
File: color.cfg 2003/03/08 v1.0 MiKTeX 'color' configuration
)
Package xcolor Info: Driver file: pdftex.def on input line 136.
LaTeX Info: Redefining \color on input line 494.
Package xcolor Info: Color model `cmy' added on input line 972.
Package xcolor Info: Color model `hsb' added on input line 980.
Package xcolor Info: Color model `HTML' added on input line 1000.
Package xcolor Info: Color model `HSB' added on input line 1006.
Package xcolor Info: Color model `Gray' added on input line 1012.
)
(C:\localtexfiles\tex\generic\pgf\basiclayer\pgfcore.code.tex
Package: pgfcore 2010/04/11 v2.00-cvs (rcs-revision 1.7)

(C:\localtexfiles\tex\generic\pgf\math\pgfmath.code.tex
(C:\localtexfiles\tex\generic\pgf\math\pgfmathcalc.code.tex
(C:\localtexfiles\tex\generic\pgf\math\pgfmathutil.code.tex)
(C:\localtexfiles\tex\generic\pgf\math\pgfmathparser.code.tex
\pgfmath@dimen=\dimen139
\pgfmath@count=\count122
\pgfmath@box=\box29
\pgfmath@toks=\toks35
\pgfmath@stack@operand=\toks36
\pgfmath@stack@operation=\toks37
)
(C:\localtexfiles\tex\generic\pgf\math\pgfmathfunctions.code.tex
(C:\localtexfiles\tex\generic\pgf\math\pgfmathfunctions.basic.code.tex)
(C:\localtexfiles\tex\generic\pgf\math\pgfmathfunctions.trigonometric.code.tex)
(C:\localtexfiles\tex\generic\pgf\math\pgfmathfunctions.random.code.tex)
(C:\localtexfiles\tex\generic\pgf\math\pgfmathfunctions.comparison.code.tex)
(C:\localtexfiles\tex\generic\pgf\math\pgfmathfunctions.base.code.tex)
(C:\localtexfiles\tex\generic\pgf\math\pgfmathfunctions.round.code.tex)
(C:\localtexfiles\tex\generic\pgf\math\pgfmathfunctions.misc.code.tex)))
(C:\localtexfiles\tex\generic\pgf\math\pgfmathfloat.code.tex
\c@pgfmathroundto@lastzeros=\count123
))
(C:\localtexfiles\tex\generic\pgf\basiclayer\pgfcorepoints.code.tex
File: pgfcorepoints.code.tex 2010/04/09  (rcs-revision 1.20)
\pgf@picminx=\dimen140
\pgf@picmaxx=\dimen141
\pgf@picminy=\dimen142
\pgf@picmaxy=\dimen143
\pgf@pathminx=\dimen144
\pgf@pathmaxx=\dimen145
\pgf@pathminy=\dimen146
\pgf@pathmaxy=\dimen147
\pgf@xx=\dimen148
\pgf@xy=\dimen149
\pgf@yx=\dimen150
\pgf@yy=\dimen151
\pgf@zx=\dimen152
\pgf@zy=\dimen153
)
(C:\localtexfiles\tex\generic\pgf\basiclayer\pgfcorepathconstruct.code.tex
File: pgfcorepathconstruct.code.tex 2009/01/22  (rcs-revision 1.21)
\pgf@path@lastx=\dimen154
\pgf@path@lasty=\dimen155
)
(C:\localtexfiles\tex\generic\pgf\basiclayer\pgfcorepathusage.code.tex
File: pgfcorepathusage.code.tex 2008/04/22  (rcs-revision 1.12)
\pgf@shorten@end@additional=\dimen156
\pgf@shorten@start@additional=\dimen157
)
(C:\localtexfiles\tex\generic\pgf\basiclayer\pgfcorescopes.code.tex
File: pgfcorescopes.code.tex 2010/06/30  (rcs-revision 1.31)
\pgfpic=\box30
\pgf@hbox=\box31
\pgf@layerbox@main=\box32
\pgf@picture@serial@count=\count124
)
(C:\localtexfiles\tex\generic\pgf\basiclayer\pgfcoregraphicstate.code.tex
File: pgfcoregraphicstate.code.tex 2008/04/22  (rcs-revision 1.9)
\pgflinewidth=\dimen158
)
(C:\localtexfiles\tex\generic\pgf\basiclayer\pgfcoretransformations.code.tex
File: pgfcoretransformations.code.tex 2009/06/10  (rcs-revision 1.11)
\pgf@pt@x=\dimen159
\pgf@pt@y=\dimen160
\pgf@pt@temp=\dimen161
)
(C:\localtexfiles\tex\generic\pgf\basiclayer\pgfcorequick.code.tex
File: pgfcorequick.code.tex 2008/10/09  (rcs-revision 1.3)
)
(C:\localtexfiles\tex\generic\pgf\basiclayer\pgfcoreobjects.code.tex
File: pgfcoreobjects.code.tex 2006/10/11  (rcs-revision 1.2)
)
(C:\localtexfiles\tex\generic\pgf\basiclayer\pgfcorepathprocessing.code.tex
File: pgfcorepathprocessing.code.tex 2008/10/09  (rcs-revision 1.8)
)
(C:\localtexfiles\tex\generic\pgf\basiclayer\pgfcorearrows.code.tex
File: pgfcorearrows.code.tex 2008/04/23  (rcs-revision 1.11)
)
(C:\localtexfiles\tex\generic\pgf\basiclayer\pgfcoreshade.code.tex
File: pgfcoreshade.code.tex 2008/11/23  (rcs-revision 1.13)
\pgf@max=\dimen162
\pgf@sys@shading@range@num=\count125
)
(C:\localtexfiles\tex\generic\pgf\basiclayer\pgfcoreimage.code.tex
File: pgfcoreimage.code.tex 2010/03/25  (rcs-revision 1.16)

(C:\localtexfiles\tex\generic\pgf\basiclayer\pgfcoreexternal.code.tex
File: pgfcoreexternal.code.tex 2010/07/14  (rcs-revision 1.9)
\pgfexternal@startupbox=\box33
))
(C:\localtexfiles\tex\generic\pgf\basiclayer\pgfcorelayers.code.tex
File: pgfcorelayers.code.tex 2008/01/15  (rcs-revision 1.1)
)
(C:\localtexfiles\tex\generic\pgf\basiclayer\pgfcoretransparency.code.tex
File: pgfcoretransparency.code.tex 2008/01/17  (rcs-revision 1.2)
)
(C:\localtexfiles\tex\generic\pgf\basiclayer\pgfcorepatterns.code.tex
File: pgfcorepatterns.code.tex 2009/07/02  (rcs-revision 1.3)
)))
(C:\localtexfiles\tex\generic\pgf\modules\pgfmoduleshapes.code.tex
File: pgfmoduleshapes.code.tex 2009/10/13  (rcs-revision 1.9)
\pgfnodeparttextbox=\box34
)
(C:\localtexfiles\tex\generic\pgf\modules\pgfmoduleplot.code.tex
File: pgfmoduleplot.code.tex 2010/05/26  (rcs-revision 1.7)
)
(C:\localtexfiles\tex\latex\pgf\compatibility\pgfcomp-version-0-65.sty
Package: pgfcomp-version-0-65 2007/07/03 v2.00-cvs (rcs-revision 1.7)
\pgf@nodesepstart=\dimen163
\pgf@nodesepend=\dimen164
)
(C:\localtexfiles\tex\latex\pgf\compatibility\pgfcomp-version-1-18.sty
Package: pgfcomp-version-1-18 2007/07/23 v2.00-cvs (rcs-revision 1.1)
))
(C:\localtexfiles\tex\latex\pgf\utilities\pgffor.sty
(C:\localtexfiles\tex\latex\pgf\utilities\pgfkeys.sty
(C:\localtexfiles\tex\generic\pgf\utilities\pgfkeys.code.tex))
(C:\localtexfiles\tex\generic\pgf\utilities\pgffor.code.tex
Package: pgffor 2010/03/23 v2.00-cvs (rcs-revision 1.18)
\pgffor@iter=\dimen165
\pgffor@skip=\dimen166
\pgffor@stack=\toks38
\pgffor@toks=\toks39
))
(C:\localtexfiles\tex\generic\pgf\frontendlayer\tikz\tikz.code.tex
Package: tikz 2010/06/30 v2.00-cvs (rcs-revision 1.70)

(C:\localtexfiles\tex\generic\pgf\libraries\pgflibraryplothandlers.code.tex
File: pgflibraryplothandlers.code.tex 2010/05/31 v2.00-cvs (rcs-revision 1.15)
\pgf@plot@mark@count=\count126
\pgfplotmarksize=\dimen167
)
\tikz@lastx=\dimen168
\tikz@lasty=\dimen169
\tikz@lastxsaved=\dimen170
\tikz@lastysaved=\dimen171
\tikzleveldistance=\dimen172
\tikzsiblingdistance=\dimen173
\tikz@figbox=\box35
\tikz@tempbox=\box36
\tikztreelevel=\count127
\tikznumberofchildren=\count128
\tikznumberofcurrentchild=\count129
\tikz@fig@count=\count130

(C:\localtexfiles\tex\generic\pgf\modules\pgfmodulematrix.code.tex
File: pgfmodulematrix.code.tex 2008/11/24  (rcs-revision 1.3)
\pgfmatrixcurrentrow=\count131
\pgfmatrixcurrentcolumn=\count132
\pgf@matrix@numberofcolumns=\count133
)
\tikz@expandcount=\count134

(C:\localtexfiles\tex\generic\pgf\frontendlayer\tikz\libraries\tikzlibrarytopat
hs.code.tex
File: tikzlibrarytopaths.code.tex 2008/06/17 v2.00-cvs (rcs-revision 1.2)
))) (C:\texmf\tex\latex\ltxmisc\framed.sty
Package: framed 2003/07/21 v 0.8a: framed or shaded text with page breaks
\FrameRule=\dimen174
\FrameSep=\dimen175
)
(C:\texmf\tex\latex\lm\lmodern.sty
Package: lmodern 2003/07/16
)
\c@definition=\count135
\c@theorem=\count136
\c@lemma=\count137
\c@proposition=\count138
\c@corollary=\count139
\c@observation=\count140
\c@fact=\count141
\c@remark=\count142
\c@example=\count143
 (mitschrieb_geotopo.aux)
LaTeX Font Info:    Checking defaults for OML/cmm/m/it on input line 118.
LaTeX Font Info:    ... okay on input line 118.
LaTeX Font Info:    Checking defaults for T1/cmr/m/n on input line 118.
LaTeX Font Info:    ... okay on input line 118.
LaTeX Font Info:    Checking defaults for OT1/cmr/m/n on input line 118.
LaTeX Font Info:    ... okay on input line 118.
LaTeX Font Info:    Checking defaults for OMS/cmsy/m/n on input line 118.
LaTeX Font Info:    ... okay on input line 118.
LaTeX Font Info:    Checking defaults for OMX/cmex/m/n on input line 118.
LaTeX Font Info:    ... okay on input line 118.
LaTeX Font Info:    Checking defaults for U/cmr/m/n on input line 118.
LaTeX Font Info:    ... okay on input line 118.
LaTeX Font Info:    Checking defaults for PD1/pdf/m/n on input line 118.
LaTeX Font Info:    ... okay on input line 118.
LaTeX Font Info:    Try loading font information for T1+lmr on input line 118.

(C:\texmf\tex\latex\lm\t1lmr.fd
File: t1lmr.fd 2003/07/22 v1.1 Font defs for Latin Modern
) (C:\texmf\tex\context\base\supp-pdf.tex
(C:\texmf\tex\context\base\supp-mis.tex
loading : Context Support Macros / Miscellaneous (2004.10.26)
\protectiondepth=\count144
\scratchcounter=\count145
\scratchtoks=\toks40
\scratchdimen=\dimen176
\scratchskip=\skip65
\scratchmuskip=\muskip12
\scratchbox=\box37
\scratchread=\read2
\scratchwrite=\write5
\zeropoint=\dimen177
\onepoint=\dimen178
\onebasepoint=\dimen179
\minusone=\count146
\thousandpoint=\dimen180
\onerealpoint=\dimen181
\emptytoks=\toks41
\nextbox=\box38
\nextdepth=\dimen182
\everyline=\toks42
\!!counta=\count147
\!!countb=\count148
\recursecounter=\count149
)
loading : Context Support Macros / PDF (2004.10.26)
\nofMPsegments=\count150
\nofMParguments=\count151
\everyMPtoPDFconversion=\toks43
)

bibgerm.sty: babel.sty detected

(C:\texmf\tex\latex\ms\ragged2e.sty
Package: ragged2e 2003/03/25 v2.04 ragged2e Package (MS)
 (C:\texmf\tex\latex\ms\everysel.sty
Package: everysel 1999/06/08 v1.03 EverySelectfont Package (MS)
LaTeX Info: Redefining \selectfont on input line 125.
)
\CenteringLeftskip=\skip66
\RaggedLeftLeftskip=\skip67
\RaggedRightLeftskip=\skip68
\CenteringRightskip=\skip69
\RaggedLeftRightskip=\skip70
\RaggedRightRightskip=\skip71
\CenteringParfillskip=\skip72
\RaggedLeftParfillskip=\skip73
\RaggedRightParfillskip=\skip74
\JustifyingParfillskip=\skip75
\CenteringParindent=\skip76
\RaggedLeftParindent=\skip77
\RaggedRightParindent=\skip78
\JustifyingParindent=\skip79
)
Package hyperref Info: Link coloring ON on input line 118.

(C:\texmf\tex\latex\hyperref\nameref.sty
Package: nameref 2003/12/03 v2.21 Cross-referencing by name of section
\c@section@level=\count152
)
LaTeX Info: Redefining \ref on input line 118.
LaTeX Info: Redefining \pageref on input line 118.
 (mitschrieb_geotopo.out)
(mitschrieb_geotopo.out) ABD: EveryShipout initializing macros
<torus2.pdf, id=22, 241.73793pt x 175.65433pt>
File: torus2.pdf Graphic file (type pdf)
 <use torus2.pdf> [1

{psfonts.map} <torus2.pdf
Warning: pdflatex (file torus2.pdf): pdf inclusion: Page Group detected which p
dfTeX can't handle. Ignoring it.
>] (mitschrieb_geotopo.toc
LaTeX Font Info:    Try loading font information for U+msa on input line 4.
 (C:\texmf\tex\latex\amsfonts\umsa.fd
File: umsa.fd 2002/01/19 v2.2g AMS font definitions
)
LaTeX Font Info:    Try loading font information for U+msb on input line 4.

(C:\texmf\tex\latex\amsfonts\umsb.fd
File: umsb.fd 2002/01/19 v2.2g AMS font definitions
))
\tf@toc=\write6

! pdfTeX warning (ext4): destination with the same identifier (name{page.1}) ha
s been already used, duplicate ignored
<to be read again> 
                   \penalty 
l.145 \chapter
              {Homotopie und Fundamentalgruppe} [1

]
Kapitel I.
[2

]
Warning: pdflatex (file images/stetigeAbb.pdf): pdf inclusion: found pdf versio
n <1.5>, but at most version <1.4> allowed
<images/stetigeAbb.pdf, id=87, 553.81313pt x 338.39552pt>
File: images/stetigeAbb.pdf Graphic file (type pdf)

<use images/stetigeAbb.pdf> [3 <images/stetigeAbb.pdf
Warning: pdflatex (file images/stetigeAbb.pdf): pdf inclusion: Page Group detec
ted which pdfTeX can't handle. Ignoring it.
>] <images/Homotopie.jpg, id=104, 690.9012pt x 427.8384pt>
File: images/Homotopie.jpg Graphic file (type jpg)

<use images/Homotopie.jpg>
<images/nicht_homotop_1.jpg, id=105, 1054.94125pt x 422.57875pt>
File: images/nicht_homotop_1.jpg Graphic file (type jpg)

<use images/nicht_homotop_1.jpg>
<images/nicht_homotop_2.jpg, id=106, 372.9132pt x 218.2554pt>
File: images/nicht_homotop_2.jpg Graphic file (type jpg)

<use images/nicht_homotop_2.jpg> [4 <images/Homotopie.jpg> <images/nicht_homoto
p_1.jpg> <images/nicht_homotop_2.jpg>]
<images/Homotopie_Transitivitaet.jpg, id=136, 506.8536pt x 372.9132pt>
File: images/Homotopie_Transitivitaet.jpg Graphic file (type jpg)

<use images/Homotopie_Transitivitaet.jpg>
<images/Äquivalenzklassen.jpg, id=137, 638.385pt x 269.3262pt>
File: images/Äquivalenzklassen.jpg Graphic file (type jpg)

<use images/Äquivalenzklassen.jpg>

LaTeX Warning: `h' float specifier changed to `ht'.

[5 <images/Homotopie_Transitivitaet.jpg>]
<images/R_n_immer_homotop.jpg, id=146, 580.0872pt x 413.8662pt>
File: images/R_n_immer_homotop.jpg Graphic file (type jpg)

<use images/R_n_immer_homotop.jpg>
<images/Nullhomotopie.jpg, id=147, 577.6782pt x 338.2236pt>
File: images/Nullhomotopie.jpg Graphic file (type jpg)

<use images/Nullhomotopie.jpg>

LaTeX Warning: `h' float specifier changed to `ht'.

[6 <images/Äquivalenzklassen.jpg> <images/R_n_immer_homotop.jpg>]
<images/Geschlossene_Wege.jpg, id=159, 551.1792pt x 403.2666pt>
File: images/Geschlossene_Wege.jpg Graphic file (type jpg)

<use images/Geschlossene_Wege.jpg>
<images/S1_und_R2_ohne_0.jpg, id=160, 631.6398pt x 459.1554pt>
File: images/S1_und_R2_ohne_0.jpg Graphic file (type jpg)

<use images/S1_und_R2_ohne_0.jpg>

LaTeX Warning: `h' float specifier changed to `ht'.

[7 <images/Nullhomotopie.jpg> <images/Geschlossene_Wege.jpg>]
<images/Teilraumtopologie.jpg, id=167, 616.2222pt x 476.0184pt>
File: images/Teilraumtopologie.jpg Graphic file (type jpg)

<use images/Teilraumtopologie.jpg>

LaTeX Warning: `h' float specifier changed to `ht'.


Underfull \hbox (badness 10000) in paragraph at lines 342--343
[]$\OML/cmm/m/it/10.95 X; \OMS/cmsy/m/n/10.95 O \OT1/cmr/m/n/10.95 := \OMS/cmsy
/m/n/10.95 f\OML/cmm/m/it/10.95 X; \OMS/cmsy/m/n/10.95 ;g$
 []

[8 <images/S1_und_R2_ohne_0.jpg>]
Underfull \hbox (badness 10000) in paragraph at lines 353--355
$\OML/cmm/m/it/10.95 A \OMS/cmsy/m/n/10.95  \OML/cmm/m/it/10.95 X; X$ \T1/lmr/
m/it/10.95 to-po-lo-gi-scher Raum, heiÿt $[]$ $\OT1/cmr/m/n/10.95 :\OMS/cmsy/m/
n/10.95 ,
 []

[9 <images/Teilraumtopologie.jpg>]
<images/Cantormenge_5te_Iteration.jpg, id=203, 183.68625pt x 82.80937pt>
File: images/Cantormenge_5te_Iteration.jpg Graphic file (type jpg)

<use images/Cantormenge_5te_Iteration.jpg>
Underfull \hbox (badness 4279) in paragraph at lines 390--392
\T1/lmr/m/it/10.95 Ist $\OT1/cmr/m/n/10.95 (\OML/cmm/m/it/10.95 X; \OMS/cmsy/m/
n/10.95 O\OT1/cmr/m/n/10.95 )$ \T1/lmr/m/it/10.95 to-po-lo-gi-scher Raum mit $\
OMS/cmsy/m/n/10.95 B  O$\T1/lmr/m/it/10.95 , so heiÿt $\OMS/cmsy/m/n/10.95 B$
 []

<images/offener_Kreis.jpg, id=204, 209.1012pt x 208.6194pt>
File: images/offener_Kreis.jpg Graphic file (type jpg)

<use images/offener_Kreis.jpg>
<images/offenes_Quadrat.jpg, id=205, 219.7008pt x 220.1826pt>
File: images/offenes_Quadrat.jpg Graphic file (type jpg)

<use images/offenes_Quadrat.jpg>
<images/Quadrate_Schnitt.jpg, id=206, 281.853pt x 214.401pt>
File: images/Quadrate_Schnitt.jpg Graphic file (type jpg)

<use images/Quadrate_Schnitt.jpg>
<images/Kreis_Schnitt.jpg, id=207, 345.4506pt x 211.5102pt>
File: images/Kreis_Schnitt.jpg Graphic file (type jpg)

<use images/Kreis_Schnitt.jpg> [10 <images/Cantormenge_5te_Iteration.jpg> <imag
es/offener_Kreis.jpg> <images/offenes_Quadrat.jpg> <images/Quadrate_Schnitt.jpg
> <images/Kreis_Schnitt.jpg>]
LaTeX Font Info:    Try loading font information for OMS+lmr on input line 428.

LaTeX Font Info:    No file OMSlmr.fd. on input line 428.


LaTeX Font Warning: Font shape `OMS/lmr/m/it' undefined
(Font)              using `OMS/cmsy/m/n' instead
(Font)              for symbol `textbullet' on input line 428.


Underfull \hbox (badness 1173) in paragraph at lines 458--459
[]\T1/lmr/bx/n/10.95 Bemerkung I.11. []\T1/lmr/m/it/10.95 In ei-nem me-tri-sche
n Raum $\OT1/cmr/m/n/10.95 (\OML/cmm/m/it/10.95 X; d\OT1/cmr/m/n/10.95 )$ \T1/l
mr/m/it/10.95 bil-den die of-
 []

[11]
Underfull \hbox (badness 10000) in paragraph at lines 496--498

 []

[12]
Underfull \hbox (badness 10000) in paragraph at lines 540--544
$\OML/cmm/m/it/10.95 f [] [] X \OMS/lmr/m/it/10.95 ! \OML/cmm/m/it/10.95 Y$ \T1
/lmr/m/it/10.95 ist ste-tig in $\OML/cmm/m/it/10.95 x \OMS/lmr/m/it/10.95 2 \OM
L/cmm/m/it/10.95 X$ $\OT1/cmr/m/n/10.95 :\OMS/lmr/m/it/10.95 ,
 []

[13]
Underfull \hbox (badness 1383) in paragraph at lines 582--583
\T1/lmr/m/it/10.95 Zwei to-po-lo-gi-sche Räu-me $\OML/cmm/m/it/10.95 X$ \T1/lmr
/m/it/10.95 und $\OML/cmm/m/it/10.95 Y$ \T1/lmr/m/it/10.95 hei-ÿen $[]$ oder
 []

[14] <images/Stereographie_S1_R1.jpg, id=275, 590.6868pt x 331.4784pt>
File: images/Stereographie_S1_R1.jpg Graphic file (type jpg)

<use images/Stereographie_S1_R1.jpg>
Overfull \hbox (4.15164pt too wide) in paragraph at lines 603--609
\T1/lmr/m/it/10.95 Die ste-reo-gra-phi-sche Pro-jek-ti-on ist ein Ho-möo-mor-ph
is-mus von $\OML/cmm/m/it/10.95 S[]\OMS/lmr/m/it/10.95 nf\OML/cmm/m/it/10.95 N\
OMS/lmr/m/it/10.95 g\OML/cmm/m/it/10.95 ; N \OT1/cmr/m/n/10.95 :=
 []

[15 <images/Stereographie_S1_R1.jpg>] (mitschrieb_geotopo.aux)

LaTeX Font Warning: Some font shapes were not available, defaults substituted.

 ) 
Here is how much of TeX's memory you used:
 13928 strings out of 95516
 229110 string characters out of 1189554
 274876 words of memory out of 1273036
 16264 multiletter control sequences out of 35000
 75408 words of font info for 74 fonts, out of 500000 for 1000
 14 hyphenation exceptions out of 607
 56i,11n,55p,563b,576s stack positions out of 1500i,500n,5000p,200000b,32768s
 283 PDF objects out of 300000
 111 named destinations out of 300000
 143 words of extra memory for PDF output out of 65536
<C:\texmf\fonts\type1\bluesky\cm\cmmi12.pfb><C:\texmf\fonts\type1\bluesky\cm\
cmmi6.pfb>{cork-lm.enc}<C:\texmf\fonts\type1\public\lm\lmr9.pfb><C:\texmf\fonts
\type1\public\lm\lmr6.pfb><C:\texmf\fonts\type1\public\lm\lmr8.pfb><C:\texmf\fo
nts\type1\bluesky\cm\cmr6.pfb><C:\texmf\fonts\type1\bluesky\symbols\msbm10.pfb>
<C:\texmf\fonts\type1\bluesky\cm\cmsy9.pfb><C:\texmf\fonts\type1\bluesky\cm\cmr
9.pfb><C:\texmf\fonts\type1\bluesky\cm\cmmi9.pfb><C:\texmf\fonts\type1\public\l
m\lmri7.pfb><C:\texmf\fonts\type1\public\lm\lmri8.pfb><C:\texmf\fonts\type1\blu
esky\symbols\msbm10.pfb><C:\texmf\fonts\type1\bluesky\symbols\msam10.pfb><C:\te
xmf\fonts\type1\bluesky\cm\cmsy8.pfb><C:\texmf\fonts\type1\bluesky\cm\cmex10.pf
b><C:\texmf\fonts\type1\bluesky\cm\cmmi8.pfb><C:\texmf\fonts\type1\bluesky\cm\c
mr8.pfb><C:\texmf\fonts\type1\bluesky\cm\cmr10.pfb><C:\texmf\fonts\type1\bluesk
y\cm\cmsy10.pfb><C:\texmf\fonts\type1\bluesky\cm\cmmi10.pfb><C:\texmf\fonts\typ
e1\public\lm\lmri10.pfb><C:\texmf\fonts\type1\public\lm\lmbx10.pfb><C:\texmf\fo
nts\type1\public\lm\lmr10.pfb><C:\texmf\fonts\type1\public\lm\lmr12.pfb><C:\tex
mf\fonts\type1\public\lm\lmbx12.pfb>
Output written on mitschrieb_geotopo.pdf (16 pages, 1113939 bytes).
